<?xml version="1.0" encoding="UTF-8"?>
<!-- Generated by org.testng.reporters.JUnitReportReporter -->
<testsuite hostname="Tech-LBI58" failures="0" tests="1" name="Practise.MouseHover" time="6.151" errors="0" timestamp="2024-11-03T15:26:13 IST" skipped="0">
  <testcase classname="Practise.MouseHover" name="mouseActions" time="6.151"/>
</testsuite> <!-- Practise.MouseHover -->
