<?xml version="1.0" encoding="UTF-8"?>
<!-- Generated by org.testng.reporters.JUnitReportReporter -->
<testsuite hostname="Tech-LBI58" failures="0" tests="1" name="Practise.WeekPrint" time="0.013" errors="0" timestamp="2024-11-16T21:38:15 IST" skipped="0">
  <testcase classname="Practise.WeekPrint" name="weekDayPrint" time="0.013"/>
</testsuite> <!-- Practise.WeekPrint -->
