<?xml version="1.0" encoding="UTF-8"?>
<!-- Generated by org.testng.reporters.JUnitReportReporter -->
<testsuite hostname="Tech-LBI58" failures="0" tests="2" name="SyncronizeTwoScript.SeleniumFirstScript" time="0.437" errors="0" timestamp="2024-11-12T15:01:48 IST" skipped="0">
  <testcase classname="SyncronizeTwoScript.SeleniumFirstScript" name="setup" time="0.435"/>
  <testcase classname="SyncronizeTwoScript.SeleniumFirstScript" name="testFirstScript" time="0.002"/>
</testsuite> <!-- SyncronizeTwoScript.SeleniumFirstScript -->
