<?xml version="1.0" encoding="UTF-8"?>
<!-- Generated by org.testng.reporters.JUnitReportReporter -->
<testsuite hostname="Tech-LBI58" failures="0" tests="1" name="partner_form" time="12.346" errors="0" timestamp="2024-12-02T11:00:20 IST" skipped="0">
  <testcase classname="partner_form" name="form" time="12.346"/>
</testsuite> <!-- partner_form -->
