<?xml version="1.0" encoding="UTF-8"?>
<!-- Generated by org.testng.reporters.JUnitReportReporter -->
<testsuite hostname="Tech-LBI58" failures="0" tests="1" name="SyncronizeTwoScript.SeleniumSecondScript" time="9.955" errors="0" timestamp="2024-11-12T15:01:48 IST" skipped="0">
  <testcase classname="SyncronizeTwoScript.SeleniumSecondScript" name="testSecondScript" time="9.955"/>
</testsuite> <!-- SyncronizeTwoScript.SeleniumSecondScript -->
