<?xml version="1.0" encoding="UTF-8"?>
<!-- Generated by org.testng.reporters.JUnitReportReporter -->
<testsuite hostname="Tech-LBI58" failures="0" tests="2" name="Practise.Irctc" time="0.019" errors="0" timestamp="2024-12-14T16:41:55 IST" skipped="1">
  <testcase classname="Practise.Irctc" name="twodarray" time="0.019"/>
  <testcase classname="Practise.Irctc" name="nestedScroll">
    <skipped/>
  </testcase> <!-- nestedScroll -->
</testsuite> <!-- Practise.Irctc -->
